<?xml version="1.0" encoding="UTF-8"?>
<testng-results skipped="0" failed="0" ignored="0" total="1" passed="1">
  <reporter-output>
  </reporter-output>
  <suite name="CucumberTestNg" duration-ms="44974" started-at="2021-07-16T09:55:04Z" finished-at="2021-07-16T09:55:49Z">
    <groups>
      <group name="cucumber">
        <method signature="TestRunner.feature(cucumber.api.testng.CucumberFeatureWrapper)[pri:0, instance:runner.TestRunner@6e1567f1]" name="feature" class="runner.TestRunner"/>
      </group> <!-- cucumber -->
    </groups>
    <test name="Testcases cucumberTestNg" duration-ms="44974" started-at="2021-07-16T09:55:04Z" finished-at="2021-07-16T09:55:49Z">
      <class name="runner.TestRunner">
        <test-method status="PASS" signature="setUpClass()[pri:0, instance:runner.TestRunner@6e1567f1]" name="setUpClass" is-config="true" duration-ms="371" started-at="2021-07-16T09:55:04Z" finished-at="2021-07-16T09:55:04Z">
          <reporter-output>
          </reporter-output>
        </test-method> <!-- setUpClass -->
        <test-method status="PASS" signature="feature(cucumber.api.testng.CucumberFeatureWrapper)[pri:0, instance:runner.TestRunner@6e1567f1]" name="feature" duration-ms="44418" started-at="2021-07-16T09:55:04Z" description="Runs Cucumber Feature" data-provider="features" finished-at="2021-07-16T09:55:49Z">
          <params>
            <param index="0">
              <value>
                <![CDATA[TODO List Scenarios]]>
              </value>
            </param>
          </params>
          <reporter-output>
          </reporter-output>
        </test-method> <!-- feature -->
        <test-method status="PASS" signature="tearDownClass()[pri:0, instance:runner.TestRunner@6e1567f1]" name="tearDownClass" is-config="true" duration-ms="27" started-at="2021-07-16T09:55:49Z" finished-at="2021-07-16T09:55:49Z">
          <reporter-output>
          </reporter-output>
        </test-method> <!-- tearDownClass -->
      </class> <!-- runner.TestRunner -->
    </test> <!-- Testcases cucumberTestNg -->
  </suite> <!-- CucumberTestNg -->
</testng-results>
